0 info it worked if it ends with ok
1 verbose cli [ '/usr/local/bin/node', '/usr/local/bin/npm', 'start' ]
2 info using npm@3.10.2
3 info using node@v6.2.0
4 verbose run-script [ 'prestart', 'start', 'poststart' ]
5 info lifecycle huaxia@0.0.1~prestart: huaxia@0.0.1
6 silly lifecycle huaxia@0.0.1~prestart: no script for prestart, continuing
7 info lifecycle huaxia@0.0.1~start: huaxia@0.0.1
8 verbose lifecycle huaxia@0.0.1~start: unsafe-perm in lifecycle true
9 verbose lifecycle huaxia@0.0.1~start: PATH: /usr/local/lib/node_modules/npm/bin/node-gyp-bin:/Users/liubiao/git/huaxia/node_modules/.bin:/usr/local/bin:/Applications/Cocos/Cocos2d-x/cocos2d-x-3.10/templates:/Applications/Cocos/Cocos2d-x:/Applications/Cocos/Cocos2d-x/cocos2d-x-3.10/tools/cocos2d-console/bin:/usr/local/bin:/usr/bin:/bin:/usr/sbin:/sbin:/usr/local/git/bin
10 verbose lifecycle huaxia@0.0.1~start: CWD: /Users/liubiao/git/huaxia
11 silly lifecycle huaxia@0.0.1~start: Args: [ '-c', 'node ./bin/www' ]
12 silly lifecycle huaxia@0.0.1~start: Returned: code: 1  signal: null
13 info lifecycle huaxia@0.0.1~start: Failed to exec start script
14 verbose stack Error: huaxia@0.0.1 start: `node ./bin/www`
14 verbose stack Exit status 1
14 verbose stack     at EventEmitter.<anonymous> (/usr/local/lib/node_modules/npm/lib/utils/lifecycle.js:242:16)
14 verbose stack     at emitTwo (events.js:106:13)
14 verbose stack     at EventEmitter.emit (events.js:191:7)
14 verbose stack     at ChildProcess.<anonymous> (/usr/local/lib/node_modules/npm/lib/utils/spawn.js:40:14)
14 verbose stack     at emitTwo (events.js:106:13)
14 verbose stack     at ChildProcess.emit (events.js:191:7)
14 verbose stack     at maybeClose (internal/child_process.js:850:16)
14 verbose stack     at Process.ChildProcess._handle.onexit (internal/child_process.js:215:5)
15 verbose pkgid huaxia@0.0.1
16 verbose cwd /Users/liubiao/git/huaxia
17 error Darwin 15.6.0
18 error argv "/usr/local/bin/node" "/usr/local/bin/npm" "start"
19 error node v6.2.0
20 error npm  v3.10.2
21 error code ELIFECYCLE
22 error huaxia@0.0.1 start: `node ./bin/www`
22 error Exit status 1
23 error Failed at the huaxia@0.0.1 start script 'node ./bin/www'.
23 error Make sure you have the latest version of node.js and npm installed.
23 error If you do, this is most likely a problem with the huaxia package,
23 error not with npm itself.
23 error Tell the author that this fails on your system:
23 error     node ./bin/www
23 error You can get information on how to open an issue for this project with:
23 error     npm bugs huaxia
23 error Or if that isn't available, you can get their info via:
23 error     npm owner ls huaxia
23 error There is likely additional logging output above.
24 verbose exit [ 1, true ]
